✅ API configurée
 * Serving Flask app 'chat_backend'
 * Debug mode: on
[31m[1mWARNING: This is a development server. Do not use it in a production deployment. Use a production WSGI server instead.[0m
 * Running on http://127.0.0.1:5001
[33mPress CTRL+C to quit[0m
 * Restarting with stat
 * Debugger is active!
 * Debugger PIN: 672-073-799
✅ API configurée
Fatal Python error: init_sys_streams: can't initialize sys standard streams
Python runtime state: core initialized
Traceback (most recent call last):
  File "/Users/elsa/Library/Mobile Documents/com~apple~CloudDocs/Causeries/Sofia/Ontologie/chat_backend.py", line 102, in <module>
    app.run(debug=True, port=5001)
    ~~~~~~~^^^^^^^^^^^^^^^^^^^^^^^
  File "/Users/elsa/Library/Mobile Documents/com~apple~CloudDocs/Causeries/Sofia/Ontologie/.venv/lib/python3.14/site-packages/flask/app.py", line 662, in run
    run_simple(t.cast(str, host), port, self, **options)
    ~~~~~~~~~~^^^^^^^^^^^^^^^^^^^^^^^^^^^^^^^^^^^^^^^^^^
  File "/Users/elsa/Library/Mobile Documents/com~apple~CloudDocs/Causeries/Sofia/Ontologie/.venv/lib/python3.14/site-packages/werkzeug/serving.py", line 1115, in run_simple
    run_with_reloader(
    ~~~~~~~~~~~~~~~~~^
        srv.serve_forever,
        ^^^^^^^^^^^^^^^^^^
    ...<3 lines>...
        reloader_type=reloader_type,
        ^^^^^^^^^^^^^^^^^^^^^^^^^^^^
    )
    ^
  File "/Users/elsa/Library/Mobile Documents/com~apple~CloudDocs/Causeries/Sofia/Ontologie/.venv/lib/python3.14/site-packages/werkzeug/_reloader.py", line 453, in run_with_reloader
    ensure_echo_on()
    ~~~~~~~~~~~~~~^^
  File "/Users/elsa/Library/Mobile Documents/com~apple~CloudDocs/Causeries/Sofia/Ontologie/.venv/lib/python3.14/site-packages/werkzeug/_reloader.py", line 433, in ensure_echo_on
    termios.tcsetattr(sys.stdin, termios.TCSANOW, attributes)
    ~~~~~~~~~~~~~~~~~^^^^^^^^^^^^^^^^^^^^^^^^^^^^^^^^^^^^^^^^
termios.error: (4, 'Interrupted system call')
OSError: [Errno 9] Bad file descriptor

Current thread 0x00007ff849d0cbc0 (most recent call first):
  <no Python frame>
